mode: atomic
github.com/tentaclaw/axquery/selector/ast.go:31.34,32.36 1 28
github.com/tentaclaw/axquery/selector/ast.go:32.36,34.3 1 27
github.com/tentaclaw/axquery/selector/ast.go:35.2,35.47 1 1
github.com/tentaclaw/axquery/selector/ast.go:46.37,47.11 1 18
github.com/tentaclaw/axquery/selector/ast.go:48.22,49.13 1 10
github.com/tentaclaw/axquery/selector/ast.go:50.17,51.15 1 7
github.com/tentaclaw/axquery/selector/ast.go:52.10,53.49 1 1
github.com/tentaclaw/axquery/selector/ast.go:83.39,85.2 1 21
github.com/tentaclaw/axquery/selector/ast.go:94.42,97.28 3 64
github.com/tentaclaw/axquery/selector/ast.go:97.28,99.3 1 15
github.com/tentaclaw/axquery/selector/ast.go:100.2,100.30 1 64
github.com/tentaclaw/axquery/selector/ast.go:100.30,101.17 1 20
github.com/tentaclaw/axquery/selector/ast.go:102.20,103.27 1 3
github.com/tentaclaw/axquery/selector/ast.go:104.19,105.26 1 1
github.com/tentaclaw/axquery/selector/ast.go:106.18,107.36 1 6
github.com/tentaclaw/axquery/selector/ast.go:108.22,109.29 1 4
github.com/tentaclaw/axquery/selector/ast.go:110.22,111.29 1 4
github.com/tentaclaw/axquery/selector/ast.go:112.22,113.29 1 1
github.com/tentaclaw/axquery/selector/ast.go:114.23,115.30 1 1
github.com/tentaclaw/axquery/selector/ast.go:118.2,118.19 1 64
github.com/tentaclaw/axquery/selector/ast.go:133.45,136.32 3 36
github.com/tentaclaw/axquery/selector/ast.go:136.32,139.3 2 15
github.com/tentaclaw/axquery/selector/ast.go:140.2,140.19 1 36
github.com/tentaclaw/axquery/selector/ast.go:148.42,150.33 2 30
github.com/tentaclaw/axquery/selector/ast.go:150.33,152.3 1 34
github.com/tentaclaw/axquery/selector/ast.go:153.2,153.34 1 30
github.com/tentaclaw/axquery/selector/compiler.go:10.43,12.16 2 32
github.com/tentaclaw/axquery/selector/compiler.go:12.16,14.3 1 3
github.com/tentaclaw/axquery/selector/compiler.go:15.2,15.40 1 29
github.com/tentaclaw/axquery/selector/compiler.go:19.38,21.16 2 2
github.com/tentaclaw/axquery/selector/compiler.go:21.16,22.58 1 1
github.com/tentaclaw/axquery/selector/compiler.go:24.2,24.10 1 1
github.com/tentaclaw/axquery/selector/compiler.go:33.66,38.2 1 30
github.com/tentaclaw/axquery/selector/compiler.go:46.60,47.46 1 58
github.com/tentaclaw/axquery/selector/compiler.go:47.46,49.30 2 62
github.com/tentaclaw/axquery/selector/compiler.go:49.30,51.4 1 3
github.com/tentaclaw/axquery/selector/compiler.go:52.3,52.39 1 62
github.com/tentaclaw/axquery/selector/compiler.go:52.39,54.4 1 31
github.com/tentaclaw/axquery/selector/compiler.go:56.2,56.14 1 27
github.com/tentaclaw/axquery/selector/compiler.go:60.52,62.2 1 1
github.com/tentaclaw/axquery/selector/compiler.go:65.87,67.45 1 62
github.com/tentaclaw/axquery/selector/compiler.go:67.45,69.3 1 9
github.com/tentaclaw/axquery/selector/compiler.go:72.2,72.31 1 53
github.com/tentaclaw/axquery/selector/compiler.go:72.31,74.31 2 33
github.com/tentaclaw/axquery/selector/compiler.go:74.31,76.4 1 15
github.com/tentaclaw/axquery/selector/compiler.go:80.2,80.30 1 38
github.com/tentaclaw/axquery/selector/compiler.go:80.30,81.17 1 18
github.com/tentaclaw/axquery/selector/compiler.go:82.22,83.23 1 7
github.com/tentaclaw/axquery/selector/compiler.go:83.23,85.5 1 3
github.com/tentaclaw/axquery/selector/compiler.go:86.22,87.23 1 4
github.com/tentaclaw/axquery/selector/compiler.go:87.23,89.5 1 2
github.com/tentaclaw/axquery/selector/compiler.go:90.22,91.23 1 2
github.com/tentaclaw/axquery/selector/compiler.go:91.23,93.5 1 1
github.com/tentaclaw/axquery/selector/compiler.go:94.23,95.24 1 2
github.com/tentaclaw/axquery/selector/compiler.go:95.24,97.5 1 1
github.com/tentaclaw/axquery/selector/compiler.go:98.43,98.43 0 3
github.com/tentaclaw/axquery/selector/compiler.go:103.2,103.13 1 31
github.com/tentaclaw/axquery/selector/compiler.go:107.72,108.15 1 33
github.com/tentaclaw/axquery/selector/compiler.go:109.16,110.25 1 17
github.com/tentaclaw/axquery/selector/compiler.go:111.18,112.41 1 4
github.com/tentaclaw/axquery/selector/compiler.go:113.16,114.42 1 2
github.com/tentaclaw/axquery/selector/compiler.go:115.16,116.42 1 2
github.com/tentaclaw/axquery/selector/compiler.go:117.19,118.25 1 2
github.com/tentaclaw/axquery/selector/compiler.go:119.15,120.38 1 5
github.com/tentaclaw/axquery/selector/compiler.go:121.10,122.15 1 1
github.com/tentaclaw/axquery/selector/compiler.go:127.66,129.9 2 5
github.com/tentaclaw/axquery/selector/compiler.go:129.9,132.17 3 3
github.com/tentaclaw/axquery/selector/compiler.go:132.17,136.4 2 1
github.com/tentaclaw/axquery/selector/compiler.go:137.3,137.30 1 2
github.com/tentaclaw/axquery/selector/compiler.go:139.2,139.15 1 4
github.com/tentaclaw/axquery/selector/compiler.go:139.15,141.3 1 0
github.com/tentaclaw/axquery/selector/compiler.go:142.2,142.28 1 4
github.com/tentaclaw/axquery/selector/parser.go:19.50,22.2 2 134
github.com/tentaclaw/axquery/selector/parser.go:29.55,31.27 2 134
github.com/tentaclaw/axquery/selector/parser.go:31.27,33.3 1 4
github.com/tentaclaw/axquery/selector/parser.go:35.2,38.16 3 130
github.com/tentaclaw/axquery/selector/parser.go:38.16,40.3 1 35
github.com/tentaclaw/axquery/selector/parser.go:41.2,43.6 2 95
github.com/tentaclaw/axquery/selector/parser.go:43.6,45.28 2 105
github.com/tentaclaw/axquery/selector/parser.go:45.28,46.9 1 90
github.com/tentaclaw/axquery/selector/parser.go:48.3,48.22 1 15
github.com/tentaclaw/axquery/selector/parser.go:48.22,49.9 1 3
github.com/tentaclaw/axquery/selector/parser.go:51.3,53.28 3 12
github.com/tentaclaw/axquery/selector/parser.go:53.28,55.4 1 1
github.com/tentaclaw/axquery/selector/parser.go:56.3,57.17 2 11
github.com/tentaclaw/axquery/selector/parser.go:57.17,59.4 1 1
github.com/tentaclaw/axquery/selector/parser.go:60.3,60.36 1 10
github.com/tentaclaw/axquery/selector/parser.go:63.2,64.26 2 93
github.com/tentaclaw/axquery/selector/parser.go:64.26,66.3 1 3
github.com/tentaclaw/axquery/selector/parser.go:68.2,68.50 1 90
github.com/tentaclaw/axquery/selector/parser.go:71.61,75.16 3 141
github.com/tentaclaw/axquery/selector/parser.go:75.16,77.3 1 33
github.com/tentaclaw/axquery/selector/parser.go:79.2,81.6 2 108
github.com/tentaclaw/axquery/selector/parser.go:81.6,86.28 3 131
github.com/tentaclaw/axquery/selector/parser.go:86.28,87.9 1 90
github.com/tentaclaw/axquery/selector/parser.go:90.3,93.16 2 41
github.com/tentaclaw/axquery/selector/parser.go:93.16,94.9 1 12
github.com/tentaclaw/axquery/selector/parser.go:97.3,99.16 2 29
github.com/tentaclaw/axquery/selector/parser.go:99.16,102.29 3 14
github.com/tentaclaw/axquery/selector/parser.go:102.29,104.5 1 2
github.com/tentaclaw/axquery/selector/parser.go:105.4,105.20 1 12
github.com/tentaclaw/axquery/selector/parser.go:106.9,106.30 1 15
github.com/tentaclaw/axquery/selector/parser.go:106.30,109.34 1 14
github.com/tentaclaw/axquery/selector/parser.go:109.34,112.10 2 2
github.com/tentaclaw/axquery/selector/parser.go:114.4,114.25 1 12
github.com/tentaclaw/axquery/selector/parser.go:115.9,117.9 1 1
github.com/tentaclaw/axquery/selector/parser.go:120.3,121.17 2 24
github.com/tentaclaw/axquery/selector/parser.go:121.17,123.4 1 1
github.com/tentaclaw/axquery/selector/parser.go:124.3,124.77 1 23
github.com/tentaclaw/axquery/selector/parser.go:127.2,127.16 1 105
github.com/tentaclaw/axquery/selector/parser.go:130.57,132.27 2 165
github.com/tentaclaw/axquery/selector/parser.go:132.27,134.3 1 0
github.com/tentaclaw/axquery/selector/parser.go:137.2,138.16 2 165
github.com/tentaclaw/axquery/selector/parser.go:138.16,140.3 1 8
github.com/tentaclaw/axquery/selector/parser.go:142.2,145.27 2 157
github.com/tentaclaw/axquery/selector/parser.go:145.27,147.16 2 146
github.com/tentaclaw/axquery/selector/parser.go:147.16,149.18 2 60
github.com/tentaclaw/axquery/selector/parser.go:149.18,151.5 1 17
github.com/tentaclaw/axquery/selector/parser.go:152.4,152.39 1 43
github.com/tentaclaw/axquery/selector/parser.go:153.9,153.23 1 86
github.com/tentaclaw/axquery/selector/parser.go:153.23,155.18 2 44
github.com/tentaclaw/axquery/selector/parser.go:155.18,157.5 1 9
github.com/tentaclaw/axquery/selector/parser.go:158.4,158.45 1 35
github.com/tentaclaw/axquery/selector/parser.go:159.9,160.9 1 42
github.com/tentaclaw/axquery/selector/parser.go:164.2,164.17 1 131
github.com/tentaclaw/axquery/selector/parser.go:167.46,168.27 1 165
github.com/tentaclaw/axquery/selector/parser.go:168.27,170.3 1 0
github.com/tentaclaw/axquery/selector/parser.go:172.2,172.21 1 165
github.com/tentaclaw/axquery/selector/parser.go:172.21,175.3 2 11
github.com/tentaclaw/axquery/selector/parser.go:178.2,178.32 1 154
github.com/tentaclaw/axquery/selector/parser.go:178.32,180.3 1 8
github.com/tentaclaw/axquery/selector/parser.go:182.2,183.27 2 146
github.com/tentaclaw/axquery/selector/parser.go:183.27,185.21 2 1291
github.com/tentaclaw/axquery/selector/parser.go:185.21,187.4 1 1168
github.com/tentaclaw/axquery/selector/parser.go:187.9,188.9 1 123
github.com/tentaclaw/axquery/selector/parser.go:192.2,192.34 1 146
github.com/tentaclaw/axquery/selector/parser.go:195.51,196.21 1 60
github.com/tentaclaw/axquery/selector/parser.go:196.21,198.3 1 0
github.com/tentaclaw/axquery/selector/parser.go:199.2,204.16 4 60
github.com/tentaclaw/axquery/selector/parser.go:204.16,206.3 1 2
github.com/tentaclaw/axquery/selector/parser.go:208.2,212.16 3 58
github.com/tentaclaw/axquery/selector/parser.go:212.16,214.3 1 11
github.com/tentaclaw/axquery/selector/parser.go:216.2,220.16 3 47
github.com/tentaclaw/axquery/selector/parser.go:220.16,222.3 1 3
github.com/tentaclaw/axquery/selector/parser.go:224.2,227.46 2 44
github.com/tentaclaw/axquery/selector/parser.go:227.46,229.3 1 1
github.com/tentaclaw/axquery/selector/parser.go:230.2,232.59 2 43
github.com/tentaclaw/axquery/selector/parser.go:235.48,236.27 1 58
github.com/tentaclaw/axquery/selector/parser.go:236.27,238.3 1 0
github.com/tentaclaw/axquery/selector/parser.go:240.2,241.12 2 58
github.com/tentaclaw/axquery/selector/parser.go:242.11,244.23 2 29
github.com/tentaclaw/axquery/selector/parser.go:245.11,247.46 2 10
github.com/tentaclaw/axquery/selector/parser.go:247.46,250.4 2 8
github.com/tentaclaw/axquery/selector/parser.go:251.3,251.81 1 2
github.com/tentaclaw/axquery/selector/parser.go:252.11,254.46 2 4
github.com/tentaclaw/axquery/selector/parser.go:254.46,257.4 2 2
github.com/tentaclaw/axquery/selector/parser.go:258.3,258.81 1 2
github.com/tentaclaw/axquery/selector/parser.go:259.11,261.46 2 4
github.com/tentaclaw/axquery/selector/parser.go:261.46,264.4 2 2
github.com/tentaclaw/axquery/selector/parser.go:265.3,265.81 1 2
github.com/tentaclaw/axquery/selector/parser.go:266.11,268.46 2 6
github.com/tentaclaw/axquery/selector/parser.go:268.46,271.4 2 4
github.com/tentaclaw/axquery/selector/parser.go:272.3,272.81 1 2
github.com/tentaclaw/axquery/selector/parser.go:273.11,275.46 2 4
github.com/tentaclaw/axquery/selector/parser.go:275.46,278.4 2 2
github.com/tentaclaw/axquery/selector/parser.go:279.3,279.81 1 2
github.com/tentaclaw/axquery/selector/parser.go:280.10,281.88 1 1
github.com/tentaclaw/axquery/selector/parser.go:285.54,286.27 1 47
github.com/tentaclaw/axquery/selector/parser.go:286.27,288.3 1 1
github.com/tentaclaw/axquery/selector/parser.go:290.2,291.35 2 46
github.com/tentaclaw/axquery/selector/parser.go:291.35,293.3 1 1
github.com/tentaclaw/axquery/selector/parser.go:294.2,297.27 3 45
github.com/tentaclaw/axquery/selector/parser.go:297.27,299.43 2 206
github.com/tentaclaw/axquery/selector/parser.go:299.43,301.37 2 7
github.com/tentaclaw/axquery/selector/parser.go:301.37,304.13 3 6
github.com/tentaclaw/axquery/selector/parser.go:307.4,309.12 3 1
github.com/tentaclaw/axquery/selector/parser.go:311.3,311.18 1 199
github.com/tentaclaw/axquery/selector/parser.go:311.18,314.4 2 44
github.com/tentaclaw/axquery/selector/parser.go:315.3,316.14 2 155
github.com/tentaclaw/axquery/selector/parser.go:319.2,319.83 1 1
github.com/tentaclaw/axquery/selector/parser.go:322.48,323.21 1 44
github.com/tentaclaw/axquery/selector/parser.go:323.21,325.3 1 0
github.com/tentaclaw/axquery/selector/parser.go:326.2,329.16 3 44
github.com/tentaclaw/axquery/selector/parser.go:329.16,331.3 1 2
github.com/tentaclaw/axquery/selector/parser.go:333.2,333.14 1 42
github.com/tentaclaw/axquery/selector/parser.go:334.15,335.40 1 5
github.com/tentaclaw/axquery/selector/parser.go:336.14,337.39 1 2
github.com/tentaclaw/axquery/selector/parser.go:338.17,339.42 1 8
github.com/tentaclaw/axquery/selector/parser.go:340.17,341.42 1 8
github.com/tentaclaw/axquery/selector/parser.go:342.17,343.42 1 2
github.com/tentaclaw/axquery/selector/parser.go:344.18,345.43 1 2
github.com/tentaclaw/axquery/selector/parser.go:346.13,347.22 1 13
github.com/tentaclaw/axquery/selector/parser.go:348.10,349.76 1 2
github.com/tentaclaw/axquery/selector/parser.go:353.45,354.46 1 13
github.com/tentaclaw/axquery/selector/parser.go:354.46,356.3 1 1
github.com/tentaclaw/axquery/selector/parser.go:357.2,363.77 4 12
github.com/tentaclaw/axquery/selector/parser.go:363.77,365.3 1 9
github.com/tentaclaw/axquery/selector/parser.go:367.2,367.20 1 12
github.com/tentaclaw/axquery/selector/parser.go:367.20,369.3 1 3
github.com/tentaclaw/axquery/selector/parser.go:371.2,372.16 2 9
github.com/tentaclaw/axquery/selector/parser.go:372.16,374.3 1 0
github.com/tentaclaw/axquery/selector/parser.go:376.2,378.46 2 9
github.com/tentaclaw/axquery/selector/parser.go:378.46,380.3 1 1
github.com/tentaclaw/axquery/selector/parser.go:381.2,383.43 2 8
github.com/tentaclaw/axquery/selector/parser.go:386.52,388.27 2 104
github.com/tentaclaw/axquery/selector/parser.go:388.27,390.22 2 623
github.com/tentaclaw/axquery/selector/parser.go:390.22,392.4 1 548
github.com/tentaclaw/axquery/selector/parser.go:392.9,393.9 1 75
github.com/tentaclaw/axquery/selector/parser.go:396.2,396.20 1 104
github.com/tentaclaw/axquery/selector/parser.go:396.20,397.27 1 4
github.com/tentaclaw/axquery/selector/parser.go:397.27,399.4 1 0
github.com/tentaclaw/axquery/selector/parser.go:400.3,400.79 1 4
github.com/tentaclaw/axquery/selector/parser.go:402.2,402.34 1 100
github.com/tentaclaw/axquery/selector/parser.go:407.30,409.2 1 2949
github.com/tentaclaw/axquery/selector/parser.go:411.28,413.2 1 2249
github.com/tentaclaw/axquery/selector/parser.go:415.35,416.132 1 1025
github.com/tentaclaw/axquery/selector/parser.go:416.132,418.3 1 65
github.com/tentaclaw/axquery/selector/parser.go:421.47,422.27 1 14
github.com/tentaclaw/axquery/selector/parser.go:422.27,424.3 1 0
github.com/tentaclaw/axquery/selector/parser.go:425.2,426.41 2 14
github.com/tentaclaw/axquery/selector/parser.go:429.31,431.2 1 1291
github.com/tentaclaw/axquery/selector/parser.go:433.36,435.2 1 1459
github.com/tentaclaw/axquery/selector/parser.go:437.32,440.2 2 623
github.com/tentaclaw/axquery/errors.go:22.40,24.2 1 1
github.com/tentaclaw/axquery/errors.go:26.40,28.2 1 6
github.com/tentaclaw/axquery/errors.go:36.39,38.2 1 1
github.com/tentaclaw/axquery/errors.go:40.39,42.2 1 2
github.com/tentaclaw/axquery/errors.go:50.41,52.2 1 1
github.com/tentaclaw/axquery/errors.go:54.41,56.2 1 2
github.com/tentaclaw/axquery/errors.go:64.47,66.2 1 1
github.com/tentaclaw/axquery/errors.go:68.47,70.2 1 7
github.com/tentaclaw/axquery/errors.go:78.45,80.2 1 1
github.com/tentaclaw/axquery/errors.go:82.45,84.2 1 2
github.com/tentaclaw/axquery/filter.go:11.51,12.18 1 10
github.com/tentaclaw/axquery/filter.go:12.18,14.3 1 1
github.com/tentaclaw/axquery/filter.go:15.2,16.16 2 9
github.com/tentaclaw/axquery/filter.go:16.16,21.3 1 1
github.com/tentaclaw/axquery/filter.go:22.2,22.33 1 8
github.com/tentaclaw/axquery/filter.go:27.66,28.18 1 10
github.com/tentaclaw/axquery/filter.go:28.18,30.3 1 1
github.com/tentaclaw/axquery/filter.go:31.2,32.21 2 9
github.com/tentaclaw/axquery/filter.go:32.21,34.3 1 1
github.com/tentaclaw/axquery/filter.go:35.2,36.26 2 8
github.com/tentaclaw/axquery/filter.go:36.26,37.23 1 28
github.com/tentaclaw/axquery/filter.go:37.23,39.4 1 13
github.com/tentaclaw/axquery/filter.go:41.2,41.48 1 8
github.com/tentaclaw/axquery/filter.go:47.78,48.18 1 5
github.com/tentaclaw/axquery/filter.go:48.18,50.3 1 1
github.com/tentaclaw/axquery/filter.go:51.2,52.21 2 4
github.com/tentaclaw/axquery/filter.go:52.21,54.3 1 0
github.com/tentaclaw/axquery/filter.go:55.2,56.26 2 4
github.com/tentaclaw/axquery/filter.go:56.26,58.20 2 8
github.com/tentaclaw/axquery/filter.go:58.20,60.4 1 5
github.com/tentaclaw/axquery/filter.go:62.2,62.48 1 4
github.com/tentaclaw/axquery/filter.go:67.48,68.18 1 6
github.com/tentaclaw/axquery/filter.go:68.18,70.3 1 1
github.com/tentaclaw/axquery/filter.go:71.2,72.16 2 5
github.com/tentaclaw/axquery/filter.go:72.16,77.3 1 1
github.com/tentaclaw/axquery/filter.go:78.2,78.30 1 4
github.com/tentaclaw/axquery/filter.go:83.63,84.18 1 6
github.com/tentaclaw/axquery/filter.go:84.18,86.3 1 1
github.com/tentaclaw/axquery/filter.go:87.2,88.21 2 5
github.com/tentaclaw/axquery/filter.go:88.21,90.3 1 0
github.com/tentaclaw/axquery/filter.go:91.2,92.26 2 5
github.com/tentaclaw/axquery/filter.go:92.26,93.24 1 16
github.com/tentaclaw/axquery/filter.go:93.24,95.4 1 8
github.com/tentaclaw/axquery/filter.go:97.2,97.48 1 5
github.com/tentaclaw/axquery/filter.go:102.48,103.18 1 6
github.com/tentaclaw/axquery/filter.go:103.18,105.3 1 1
github.com/tentaclaw/axquery/filter.go:106.2,107.16 2 5
github.com/tentaclaw/axquery/filter.go:107.16,112.3 1 1
github.com/tentaclaw/axquery/filter.go:113.2,114.21 2 4
github.com/tentaclaw/axquery/filter.go:114.21,116.3 1 1
github.com/tentaclaw/axquery/filter.go:117.2,118.26 2 3
github.com/tentaclaw/axquery/filter.go:118.26,119.40 1 5
github.com/tentaclaw/axquery/filter.go:119.40,121.4 1 3
github.com/tentaclaw/axquery/filter.go:123.2,123.48 1 3
github.com/tentaclaw/axquery/filter.go:128.75,130.16 2 9
github.com/tentaclaw/axquery/filter.go:130.16,132.3 1 0
github.com/tentaclaw/axquery/filter.go:133.2,133.33 1 9
github.com/tentaclaw/axquery/filter.go:133.33,134.33 1 7
github.com/tentaclaw/axquery/filter.go:134.33,136.4 1 3
github.com/tentaclaw/axquery/filter.go:137.3,137.44 1 4
github.com/tentaclaw/axquery/filter.go:137.44,139.4 1 1
github.com/tentaclaw/axquery/filter.go:141.2,141.14 1 5
github.com/tentaclaw/axquery/filter.go:145.41,146.18 1 7
github.com/tentaclaw/axquery/filter.go:146.18,148.3 1 1
github.com/tentaclaw/axquery/filter.go:149.2,150.16 2 6
github.com/tentaclaw/axquery/filter.go:150.16,152.3 1 1
github.com/tentaclaw/axquery/filter.go:153.2,154.26 2 5
github.com/tentaclaw/axquery/filter.go:154.26,155.29 1 6
github.com/tentaclaw/axquery/filter.go:155.29,157.4 1 2
github.com/tentaclaw/axquery/filter.go:159.2,159.14 1 3
github.com/tentaclaw/axquery/filter.go:165.54,166.18 1 3
github.com/tentaclaw/axquery/filter.go:166.18,168.3 1 1
github.com/tentaclaw/axquery/filter.go:169.2,170.21 2 2
github.com/tentaclaw/axquery/filter.go:170.21,172.3 1 0
github.com/tentaclaw/axquery/filter.go:173.2,174.26 2 2
github.com/tentaclaw/axquery/filter.go:174.26,176.36 2 4
github.com/tentaclaw/axquery/filter.go:176.36,178.4 1 1
github.com/tentaclaw/axquery/filter.go:180.2,180.48 1 2
github.com/tentaclaw/axquery/iteration.go:13.63,14.39 1 6
github.com/tentaclaw/axquery/iteration.go:14.39,16.3 1 2
github.com/tentaclaw/axquery/iteration.go:17.2,18.29 2 4
github.com/tentaclaw/axquery/iteration.go:18.29,21.3 2 10
github.com/tentaclaw/axquery/iteration.go:22.2,22.10 1 4
github.com/tentaclaw/axquery/iteration.go:28.77,29.39 1 5
github.com/tentaclaw/axquery/iteration.go:29.39,31.3 1 2
github.com/tentaclaw/axquery/iteration.go:32.2,33.29 2 3
github.com/tentaclaw/axquery/iteration.go:33.29,35.21 2 6
github.com/tentaclaw/axquery/iteration.go:35.21,36.9 1 2
github.com/tentaclaw/axquery/iteration.go:39.2,39.10 1 3
github.com/tentaclaw/axquery/iteration.go:44.67,45.39 1 6
github.com/tentaclaw/axquery/iteration.go:45.39,47.3 1 2
github.com/tentaclaw/axquery/iteration.go:48.2,50.29 3 4
github.com/tentaclaw/axquery/iteration.go:50.29,53.3 2 8
github.com/tentaclaw/axquery/iteration.go:54.2,54.15 1 4
github.com/tentaclaw/axquery/iteration.go:60.59,61.48 1 5
github.com/tentaclaw/axquery/iteration.go:61.48,62.40 1 5
github.com/tentaclaw/axquery/iteration.go:62.40,64.4 1 2
github.com/tentaclaw/axquery/iteration.go:65.3,66.30 2 3
github.com/tentaclaw/axquery/iteration.go:66.30,68.25 2 5
github.com/tentaclaw/axquery/iteration.go:68.25,70.5 1 1
github.com/tentaclaw/axquery/options.go:27.47,28.31 1 2
github.com/tentaclaw/axquery/options.go:28.31,30.3 1 2
github.com/tentaclaw/axquery/options.go:34.38,35.31 1 2
github.com/tentaclaw/axquery/options.go:35.31,37.3 1 2
github.com/tentaclaw/axquery/options.go:41.40,42.31 1 4
github.com/tentaclaw/axquery/options.go:42.31,44.3 1 4
github.com/tentaclaw/axquery/options.go:48.49,49.31 1 3
github.com/tentaclaw/axquery/options.go:49.31,51.3 1 3
github.com/tentaclaw/axquery/options.go:55.41,59.2 1 37
github.com/tentaclaw/axquery/options.go:62.53,64.26 2 4
github.com/tentaclaw/axquery/options.go:64.26,66.3 1 7
github.com/tentaclaw/axquery/options.go:67.2,67.10 1 4
github.com/tentaclaw/axquery/property.go:13.43,14.39 1 71
github.com/tentaclaw/axquery/property.go:14.39,16.3 1 22
github.com/tentaclaw/axquery/property.go:17.2,18.21 2 49
github.com/tentaclaw/axquery/property.go:18.21,20.3 1 0
github.com/tentaclaw/axquery/property.go:21.2,21.17 1 49
github.com/tentaclaw/axquery/property.go:26.46,28.17 2 37
github.com/tentaclaw/axquery/property.go:28.17,30.3 1 10
github.com/tentaclaw/axquery/property.go:31.2,31.20 1 27
github.com/tentaclaw/axquery/property.go:31.20,33.3 1 1
github.com/tentaclaw/axquery/property.go:34.2,34.27 1 26
github.com/tentaclaw/axquery/property.go:39.60,41.13 2 4
github.com/tentaclaw/axquery/property.go:41.13,43.3 1 3
github.com/tentaclaw/axquery/property.go:44.2,44.10 1 1
github.com/tentaclaw/axquery/property.go:49.35,51.17 2 10
github.com/tentaclaw/axquery/property.go:51.17,53.3 1 2
github.com/tentaclaw/axquery/property.go:54.2,54.23 1 8
github.com/tentaclaw/axquery/property.go:59.36,61.2 1 21
github.com/tentaclaw/axquery/property.go:65.42,67.2 1 3
github.com/tentaclaw/axquery/property.go:72.34,74.2 1 3
github.com/tentaclaw/axquery/property.go:80.35,82.17 2 8
github.com/tentaclaw/axquery/property.go:82.17,84.3 1 2
github.com/tentaclaw/axquery/property.go:85.2,87.33 3 6
github.com/tentaclaw/axquery/property.go:91.51,93.17 2 13
github.com/tentaclaw/axquery/property.go:93.17,95.3 1 7
github.com/tentaclaw/axquery/property.go:96.2,97.16 2 13
github.com/tentaclaw/axquery/property.go:97.16,99.3 1 1
github.com/tentaclaw/axquery/property.go:100.2,100.33 1 12
github.com/tentaclaw/axquery/property.go:100.33,102.3 1 7
github.com/tentaclaw/axquery/property.go:107.38,109.17 2 4
github.com/tentaclaw/axquery/property.go:109.17,111.3 1 2
github.com/tentaclaw/axquery/property.go:112.2,112.25 1 2
github.com/tentaclaw/axquery/property.go:117.38,119.17 2 4
github.com/tentaclaw/axquery/property.go:119.17,121.3 1 2
github.com/tentaclaw/axquery/property.go:122.2,122.25 1 2
github.com/tentaclaw/axquery/property.go:127.38,129.17 2 4
github.com/tentaclaw/axquery/property.go:129.17,131.3 1 2
github.com/tentaclaw/axquery/property.go:132.2,132.25 1 2
github.com/tentaclaw/axquery/property.go:137.39,139.17 2 4
github.com/tentaclaw/axquery/property.go:139.17,141.3 1 2
github.com/tentaclaw/axquery/property.go:142.2,142.26 1 2
github.com/tentaclaw/axquery/query.go:35.98,44.21 4 17
github.com/tentaclaw/axquery/query.go:44.21,49.37 3 92
github.com/tentaclaw/axquery/query.go:49.37,51.62 2 41
github.com/tentaclaw/axquery/query.go:51.62,53.5 1 2
github.com/tentaclaw/axquery/query.go:57.3,57.55 1 90
github.com/tentaclaw/axquery/query.go:57.55,58.12 1 4
github.com/tentaclaw/axquery/query.go:60.3,61.17 2 86
github.com/tentaclaw/axquery/query.go:61.17,63.12 1 1
github.com/tentaclaw/axquery/query.go:65.3,65.34 1 85
github.com/tentaclaw/axquery/query.go:65.34,67.4 1 80
github.com/tentaclaw/axquery/query.go:70.2,70.21 1 15
github.com/tentaclaw/axquery/query.go:74.98,79.41 4 8
github.com/tentaclaw/axquery/query.go:79.41,81.32 1 37
github.com/tentaclaw/axquery/query.go:81.32,83.62 2 23
github.com/tentaclaw/axquery/query.go:83.62,86.5 2 3
github.com/tentaclaw/axquery/query.go:90.3,90.50 1 34
github.com/tentaclaw/axquery/query.go:90.50,92.4 1 4
github.com/tentaclaw/axquery/query.go:93.3,94.17 2 30
github.com/tentaclaw/axquery/query.go:94.17,96.4 1 1
github.com/tentaclaw/axquery/query.go:97.3,97.34 1 29
github.com/tentaclaw/axquery/query.go:97.34,98.12 1 32
github.com/tentaclaw/axquery/query.go:98.12,100.5 1 3
github.com/tentaclaw/axquery/query.go:101.4,101.24 1 29
github.com/tentaclaw/axquery/query.go:105.2,106.21 2 8
github.com/tentaclaw/axquery/query.go:112.78,114.16 2 8
github.com/tentaclaw/axquery/query.go:114.16,119.3 1 2
github.com/tentaclaw/axquery/query.go:121.2,122.23 2 6
github.com/tentaclaw/axquery/query.go:123.19,124.44 1 2
github.com/tentaclaw/axquery/query.go:125.10,126.44 1 4
github.com/tentaclaw/axquery/query.go:132.2,133.26 2 6
github.com/tentaclaw/axquery/query.go:133.26,135.3 1 14
github.com/tentaclaw/axquery/query.go:137.2,137.33 1 6
github.com/tentaclaw/axquery/query.go:154.56,155.15 1 10
github.com/tentaclaw/axquery/query.go:155.15,157.3 1 9
github.com/tentaclaw/axquery/query.go:158.2,158.44 1 1
github.com/tentaclaw/axquery/query.go:161.48,163.2 1 2
github.com/tentaclaw/axquery/query.go:165.43,166.21 1 3
github.com/tentaclaw/axquery/query.go:166.21,168.3 1 1
github.com/tentaclaw/axquery/query.go:169.2,170.13 2 2
github.com/tentaclaw/axquery/query.go:173.54,174.21 1 9
github.com/tentaclaw/axquery/query.go:174.21,176.3 1 1
github.com/tentaclaw/axquery/query.go:177.2,177.14 1 8
github.com/tentaclaw/axquery/query.go:178.15,180.11 2 1
github.com/tentaclaw/axquery/query.go:181.21,183.11 2 1
github.com/tentaclaw/axquery/query.go:184.14,186.11 2 1
github.com/tentaclaw/axquery/query.go:187.17,189.11 2 1
github.com/tentaclaw/axquery/query.go:190.25,192.11 2 1
github.com/tentaclaw/axquery/query.go:193.10,196.31 2 3
github.com/tentaclaw/axquery/query.go:196.31,198.4 1 2
github.com/tentaclaw/axquery/query.go:199.3,199.17 1 1
github.com/tentaclaw/axquery/query.go:203.43,204.21 1 2
github.com/tentaclaw/axquery/query.go:204.21,206.3 1 1
github.com/tentaclaw/axquery/query.go:207.2,208.10 2 1
github.com/tentaclaw/axquery/query.go:211.43,212.21 1 3
github.com/tentaclaw/axquery/query.go:212.21,214.3 1 1
github.com/tentaclaw/axquery/query.go:216.2,217.16 2 2
github.com/tentaclaw/axquery/query.go:220.43,221.21 1 2
github.com/tentaclaw/axquery/query.go:221.21,223.3 1 1
github.com/tentaclaw/axquery/query.go:224.2,225.10 2 1
github.com/tentaclaw/axquery/query.go:228.44,229.21 1 2
github.com/tentaclaw/axquery/query.go:229.21,231.3 1 1
github.com/tentaclaw/axquery/query.go:232.2,233.10 2 1
github.com/tentaclaw/axquery/query.go:236.59,237.17 1 1
github.com/tentaclaw/axquery/query.go:237.17,239.3 1 1
github.com/tentaclaw/axquery/query.go:240.2,241.16 2 0
github.com/tentaclaw/axquery/query.go:241.16,243.3 1 0
github.com/tentaclaw/axquery/query.go:244.2,244.19 1 0
github.com/tentaclaw/axquery/query.go:244.19,246.3 1 0
github.com/tentaclaw/axquery/query.go:247.2,247.39 1 0
github.com/tentaclaw/axquery/query.go:250.63,251.21 1 5
github.com/tentaclaw/axquery/query.go:251.21,253.3 1 2
github.com/tentaclaw/axquery/query.go:255.2,257.22 3 3
github.com/tentaclaw/axquery/query.go:257.22,259.3 1 2
github.com/tentaclaw/axquery/query.go:259.8,259.24 1 1
github.com/tentaclaw/axquery/query.go:259.24,261.3 1 0
github.com/tentaclaw/axquery/query.go:261.8,263.3 1 1
github.com/tentaclaw/axquery/query.go:264.2,264.16 1 2
github.com/tentaclaw/axquery/query.go:264.16,266.3 1 1
github.com/tentaclaw/axquery/query.go:267.2,268.33 2 1
github.com/tentaclaw/axquery/query.go:268.33,270.3 1 2
github.com/tentaclaw/axquery/query.go:271.2,271.19 1 1
github.com/tentaclaw/axquery/query.go:288.60,290.31 2 0
github.com/tentaclaw/axquery/query.go:290.31,292.17 2 0
github.com/tentaclaw/axquery/query.go:292.17,294.4 1 0
github.com/tentaclaw/axquery/query.go:296.2,296.17 1 0
github.com/tentaclaw/axquery/query.go:296.17,298.3 1 0
github.com/tentaclaw/axquery/query.go:299.2,299.37 1 0
github.com/tentaclaw/axquery/query.go:304.89,306.16 2 5
github.com/tentaclaw/axquery/query.go:306.16,308.3 1 1
github.com/tentaclaw/axquery/query.go:309.2,309.17 1 4
github.com/tentaclaw/axquery/query.go:309.17,314.3 1 1
github.com/tentaclaw/axquery/query.go:315.2,315.39 1 3
github.com/tentaclaw/axquery/query.go:332.79,335.2 2 0
github.com/tentaclaw/axquery/selection.go:21.68,22.18 1 33
github.com/tentaclaw/axquery/selection.go:22.18,24.3 1 4
github.com/tentaclaw/axquery/selection.go:25.2,28.3 1 33
github.com/tentaclaw/axquery/selection.go:32.63,37.2 1 55
github.com/tentaclaw/axquery/selection.go:40.33,42.2 1 71
github.com/tentaclaw/axquery/selection.go:45.36,47.2 1 4
github.com/tentaclaw/axquery/selection.go:50.33,52.2 1 102
github.com/tentaclaw/axquery/selection.go:55.39,57.2 1 8
github.com/tentaclaw/axquery/selection.go:61.46,62.18 1 3
github.com/tentaclaw/axquery/selection.go:62.18,64.3 1 1
github.com/tentaclaw/axquery/selection.go:65.2,65.16 1 2
github.com/tentaclaw/axquery/selection.go:71.40,72.18 1 6
github.com/tentaclaw/axquery/selection.go:72.18,74.3 1 1
github.com/tentaclaw/axquery/selection.go:75.2,75.23 1 5
github.com/tentaclaw/axquery/selection.go:75.23,80.3 1 1
github.com/tentaclaw/axquery/selection.go:81.2,85.20 2 4
github.com/tentaclaw/axquery/selection.go:85.20,87.3 1 2
github.com/tentaclaw/axquery/selection.go:88.2,88.15 1 4
github.com/tentaclaw/axquery/selection.go:94.39,95.18 1 6
github.com/tentaclaw/axquery/selection.go:95.18,97.3 1 1
github.com/tentaclaw/axquery/selection.go:98.2,98.23 1 5
github.com/tentaclaw/axquery/selection.go:98.23,103.3 1 1
github.com/tentaclaw/axquery/selection.go:104.2,109.20 3 4
github.com/tentaclaw/axquery/selection.go:109.20,111.3 1 2
github.com/tentaclaw/axquery/selection.go:112.2,112.15 1 4
github.com/tentaclaw/axquery/selection.go:118.42,119.18 1 8
github.com/tentaclaw/axquery/selection.go:119.18,121.3 1 1
github.com/tentaclaw/axquery/selection.go:122.2,122.32 1 7
github.com/tentaclaw/axquery/selection.go:122.32,127.3 1 3
github.com/tentaclaw/axquery/selection.go:128.2,132.20 2 4
github.com/tentaclaw/axquery/selection.go:132.20,134.3 1 1
github.com/tentaclaw/axquery/selection.go:135.2,135.15 1 4
github.com/tentaclaw/axquery/selection.go:141.54,142.18 1 9
github.com/tentaclaw/axquery/selection.go:142.18,144.3 1 1
github.com/tentaclaw/axquery/selection.go:145.2,145.15 1 8
github.com/tentaclaw/axquery/selection.go:145.15,150.3 1 1
github.com/tentaclaw/axquery/selection.go:151.2,151.24 1 7
github.com/tentaclaw/axquery/selection.go:151.24,153.3 1 1
github.com/tentaclaw/axquery/selection.go:154.2,154.17 1 7
github.com/tentaclaw/axquery/selection.go:154.17,159.3 1 1
github.com/tentaclaw/axquery/selection.go:160.2,164.20 2 6
github.com/tentaclaw/axquery/selection.go:164.20,166.3 1 1
github.com/tentaclaw/axquery/selection.go:167.2,167.15 1 6
github.com/tentaclaw/axquery/traversal.go:21.78,22.21 1 14
github.com/tentaclaw/axquery/traversal.go:22.21,24.3 1 2
github.com/tentaclaw/axquery/traversal.go:26.2,29.29 3 12
github.com/tentaclaw/axquery/traversal.go:29.29,31.17 2 15
github.com/tentaclaw/axquery/traversal.go:31.17,32.12 1 1
github.com/tentaclaw/axquery/traversal.go:34.3,34.34 1 14
github.com/tentaclaw/axquery/traversal.go:34.34,36.4 1 44
github.com/tentaclaw/axquery/traversal.go:39.2,39.16 1 12
github.com/tentaclaw/axquery/traversal.go:44.110,45.16 1 66
github.com/tentaclaw/axquery/traversal.go:45.16,47.3 1 2
github.com/tentaclaw/axquery/traversal.go:48.2,48.31 1 64
github.com/tentaclaw/axquery/traversal.go:48.31,51.3 2 28
github.com/tentaclaw/axquery/traversal.go:52.2,53.16 2 64
github.com/tentaclaw/axquery/traversal.go:53.16,55.3 1 1
github.com/tentaclaw/axquery/traversal.go:56.2,56.33 1 63
github.com/tentaclaw/axquery/traversal.go:56.33,58.3 1 20
github.com/tentaclaw/axquery/traversal.go:64.49,65.21 1 9
github.com/tentaclaw/axquery/traversal.go:65.21,67.3 1 1
github.com/tentaclaw/axquery/traversal.go:69.2,72.29 3 8
github.com/tentaclaw/axquery/traversal.go:72.29,74.17 2 10
github.com/tentaclaw/axquery/traversal.go:74.17,75.12 1 1
github.com/tentaclaw/axquery/traversal.go:77.3,77.34 1 9
github.com/tentaclaw/axquery/traversal.go:77.34,78.20 1 18
github.com/tentaclaw/axquery/traversal.go:78.20,81.5 2 16
github.com/tentaclaw/axquery/traversal.go:85.2,85.16 1 8
github.com/tentaclaw/axquery/traversal.go:89.83,90.21 1 6
github.com/tentaclaw/axquery/traversal.go:90.21,92.3 1 1
github.com/tentaclaw/axquery/traversal.go:94.2,97.29 3 5
github.com/tentaclaw/axquery/traversal.go:97.29,99.17 2 5
github.com/tentaclaw/axquery/traversal.go:99.17,100.12 1 1
github.com/tentaclaw/axquery/traversal.go:102.3,102.34 1 4
github.com/tentaclaw/axquery/traversal.go:102.34,103.50 1 16
github.com/tentaclaw/axquery/traversal.go:103.50,106.5 2 7
github.com/tentaclaw/axquery/traversal.go:110.2,110.16 1 5
github.com/tentaclaw/axquery/traversal.go:117.54,118.21 1 11
github.com/tentaclaw/axquery/traversal.go:118.21,120.3 1 0
github.com/tentaclaw/axquery/traversal.go:122.2,125.29 3 11
github.com/tentaclaw/axquery/traversal.go:125.29,127.34 2 14
github.com/tentaclaw/axquery/traversal.go:127.34,128.12 1 2
github.com/tentaclaw/axquery/traversal.go:130.3,130.20 1 12
github.com/tentaclaw/axquery/traversal.go:130.20,133.4 2 11
github.com/tentaclaw/axquery/traversal.go:136.2,136.16 1 11
github.com/tentaclaw/axquery/traversal.go:140.88,141.21 1 5
github.com/tentaclaw/axquery/traversal.go:141.21,143.3 1 1
github.com/tentaclaw/axquery/traversal.go:145.2,148.29 3 4
github.com/tentaclaw/axquery/traversal.go:148.29,150.34 2 4
github.com/tentaclaw/axquery/traversal.go:150.34,151.12 1 1
github.com/tentaclaw/axquery/traversal.go:153.3,153.51 1 3
github.com/tentaclaw/axquery/traversal.go:153.51,156.4 2 2
github.com/tentaclaw/axquery/traversal.go:159.2,159.16 1 4
github.com/tentaclaw/axquery/traversal.go:167.87,168.21 1 9
github.com/tentaclaw/axquery/traversal.go:168.21,170.3 1 1
github.com/tentaclaw/axquery/traversal.go:172.2,175.29 3 8
github.com/tentaclaw/axquery/traversal.go:175.29,177.7 2 9
github.com/tentaclaw/axquery/traversal.go:177.7,179.11 2 21
github.com/tentaclaw/axquery/traversal.go:179.11,180.10 1 0
github.com/tentaclaw/axquery/traversal.go:182.4,183.35 2 21
github.com/tentaclaw/axquery/traversal.go:183.35,184.10 1 7
github.com/tentaclaw/axquery/traversal.go:187.4,187.63 1 14
github.com/tentaclaw/axquery/traversal.go:187.63,188.10 1 2
github.com/tentaclaw/axquery/traversal.go:190.4,190.21 1 12
github.com/tentaclaw/axquery/traversal.go:190.21,193.5 2 10
github.com/tentaclaw/axquery/traversal.go:194.4,194.16 1 12
github.com/tentaclaw/axquery/traversal.go:198.2,198.16 1 8
github.com/tentaclaw/axquery/traversal.go:205.80,206.21 1 8
github.com/tentaclaw/axquery/traversal.go:206.21,208.3 1 1
github.com/tentaclaw/axquery/traversal.go:210.2,213.29 3 7
github.com/tentaclaw/axquery/traversal.go:213.29,215.18 2 8
github.com/tentaclaw/axquery/traversal.go:215.18,216.32 1 15
github.com/tentaclaw/axquery/traversal.go:216.32,217.19 1 6
github.com/tentaclaw/axquery/traversal.go:217.19,220.6 2 5
github.com/tentaclaw/axquery/traversal.go:221.5,221.10 1 6
github.com/tentaclaw/axquery/traversal.go:223.4,224.11 2 9
github.com/tentaclaw/axquery/traversal.go:224.11,225.10 1 0
github.com/tentaclaw/axquery/traversal.go:227.4,228.18 2 9
github.com/tentaclaw/axquery/traversal.go:228.18,229.10 1 1
github.com/tentaclaw/axquery/traversal.go:231.4,231.16 1 8
github.com/tentaclaw/axquery/traversal.go:235.2,235.16 1 7
github.com/tentaclaw/axquery/traversal.go:242.55,243.21 1 8
github.com/tentaclaw/axquery/traversal.go:243.21,245.3 1 1
github.com/tentaclaw/axquery/traversal.go:248.2,249.26 2 7
github.com/tentaclaw/axquery/traversal.go:249.26,251.3 1 8
github.com/tentaclaw/axquery/traversal.go:253.2,256.29 3 7
github.com/tentaclaw/axquery/traversal.go:256.29,258.34 2 8
github.com/tentaclaw/axquery/traversal.go:258.34,259.12 1 3
github.com/tentaclaw/axquery/traversal.go:261.3,262.17 2 5
github.com/tentaclaw/axquery/traversal.go:262.17,263.12 1 0
github.com/tentaclaw/axquery/traversal.go:265.3,265.34 1 5
github.com/tentaclaw/axquery/traversal.go:265.34,266.24 1 18
github.com/tentaclaw/axquery/traversal.go:266.24,267.13 1 7
github.com/tentaclaw/axquery/traversal.go:269.4,269.20 1 11
github.com/tentaclaw/axquery/traversal.go:269.20,272.5 2 9
github.com/tentaclaw/axquery/traversal.go:276.2,276.16 1 7
github.com/tentaclaw/axquery/traversal.go:282.59,283.21 1 8
github.com/tentaclaw/axquery/traversal.go:283.21,285.3 1 1
github.com/tentaclaw/axquery/traversal.go:287.2,290.29 3 7
github.com/tentaclaw/axquery/traversal.go:290.29,292.34 2 7
github.com/tentaclaw/axquery/traversal.go:292.34,293.12 1 2
github.com/tentaclaw/axquery/traversal.go:295.3,296.17 2 5
github.com/tentaclaw/axquery/traversal.go:296.17,297.12 1 0
github.com/tentaclaw/axquery/traversal.go:300.3,301.34 2 5
github.com/tentaclaw/axquery/traversal.go:301.34,302.21 1 7
github.com/tentaclaw/axquery/traversal.go:302.21,304.10 2 4
github.com/tentaclaw/axquery/traversal.go:307.3,307.40 1 5
github.com/tentaclaw/axquery/traversal.go:307.40,308.12 1 2
github.com/tentaclaw/axquery/traversal.go:310.3,311.18 2 3
github.com/tentaclaw/axquery/traversal.go:311.18,314.4 2 3
github.com/tentaclaw/axquery/traversal.go:317.2,317.16 1 7
github.com/tentaclaw/axquery/traversal.go:321.59,322.21 1 8
github.com/tentaclaw/axquery/traversal.go:322.21,324.3 1 1
github.com/tentaclaw/axquery/traversal.go:326.2,329.29 3 7
github.com/tentaclaw/axquery/traversal.go:329.29,331.34 2 7
github.com/tentaclaw/axquery/traversal.go:331.34,332.12 1 2
github.com/tentaclaw/axquery/traversal.go:334.3,335.17 2 5
github.com/tentaclaw/axquery/traversal.go:335.17,336.12 1 0
github.com/tentaclaw/axquery/traversal.go:339.3,340.34 2 5
github.com/tentaclaw/axquery/traversal.go:340.34,341.21 1 7
github.com/tentaclaw/axquery/traversal.go:341.21,343.10 2 4
github.com/tentaclaw/axquery/traversal.go:346.3,346.15 1 5
github.com/tentaclaw/axquery/traversal.go:346.15,347.12 1 2
github.com/tentaclaw/axquery/traversal.go:349.3,350.18 2 3
github.com/tentaclaw/axquery/traversal.go:350.18,353.4 2 3
github.com/tentaclaw/axquery/traversal.go:356.2,356.16 1 7
github.com/tentaclaw/axquery/traversal.go:364.70,365.21 1 195
github.com/tentaclaw/axquery/traversal.go:365.21,370.3 1 26
github.com/tentaclaw/axquery/traversal.go:371.2,372.26 2 169
github.com/tentaclaw/axquery/traversal.go:372.26,374.3 1 260
github.com/tentaclaw/axquery/traversal.go:375.2,379.3 1 169
github.com/tentaclaw/axquery/traversal.go:384.44,385.20 1 122
github.com/tentaclaw/axquery/traversal.go:385.20,387.3 1 114
github.com/tentaclaw/axquery/traversal.go:388.2,388.23 1 8
github.com/tentaclaw/axquery/traversal.go:388.23,390.3 1 6
github.com/tentaclaw/axquery/traversal.go:391.2,392.29 2 2
github.com/tentaclaw/axquery/traversal.go:392.29,394.3 1 3
github.com/tentaclaw/axquery/traversal.go:395.2,395.14 1 2
github.com/tentaclaw/axquery/traversal.go:400.61,402.19 2 18
github.com/tentaclaw/axquery/traversal.go:402.19,404.3 1 1
github.com/tentaclaw/axquery/traversal.go:405.2,406.24 2 17
github.com/tentaclaw/axquery/traversal.go:406.24,407.40 1 18
github.com/tentaclaw/axquery/traversal.go:407.40,409.4 1 18
github.com/tentaclaw/axquery/traversal.go:411.2,411.15 1 17
github.com/tentaclaw/axquery/traversal.go:419.49,420.18 1 8
github.com/tentaclaw/axquery/traversal.go:420.18,422.3 1 1
github.com/tentaclaw/axquery/traversal.go:423.2,424.16 2 7
github.com/tentaclaw/axquery/traversal.go:424.16,429.3 1 1
github.com/tentaclaw/axquery/traversal.go:430.2,432.44 3 6
github.com/tentaclaw/axquery/traversal.go:437.43,438.18 1 4
github.com/tentaclaw/axquery/traversal.go:438.18,440.3 1 1
github.com/tentaclaw/axquery/traversal.go:441.2,443.51 3 3
github.com/tentaclaw/axquery/traversal.go:448.61,449.18 1 3
github.com/tentaclaw/axquery/traversal.go:449.18,451.3 1 1
github.com/tentaclaw/axquery/traversal.go:452.2,453.16 2 2
github.com/tentaclaw/axquery/traversal.go:453.16,458.3 1 1
github.com/tentaclaw/axquery/traversal.go:459.2,461.44 3 1
github.com/tentaclaw/axquery/traversal.go:466.41,467.18 1 7
github.com/tentaclaw/axquery/traversal.go:467.18,469.3 1 1
github.com/tentaclaw/axquery/traversal.go:470.2,472.51 3 6
github.com/tentaclaw/axquery/traversal.go:477.59,478.18 1 3
github.com/tentaclaw/axquery/traversal.go:478.18,480.3 1 1
github.com/tentaclaw/axquery/traversal.go:481.2,482.16 2 2
github.com/tentaclaw/axquery/traversal.go:482.16,487.3 1 1
github.com/tentaclaw/axquery/traversal.go:488.2,490.44 3 1
github.com/tentaclaw/axquery/traversal.go:495.42,496.18 1 2
github.com/tentaclaw/axquery/traversal.go:496.18,498.3 1 1
github.com/tentaclaw/axquery/traversal.go:499.2,501.51 3 1
github.com/tentaclaw/axquery/traversal.go:506.57,507.18 1 3
github.com/tentaclaw/axquery/traversal.go:507.18,509.3 1 1
github.com/tentaclaw/axquery/traversal.go:510.2,511.16 2 2
github.com/tentaclaw/axquery/traversal.go:511.16,516.3 1 1
github.com/tentaclaw/axquery/traversal.go:517.2,519.44 3 1
github.com/tentaclaw/axquery/traversal.go:524.52,525.18 1 3
github.com/tentaclaw/axquery/traversal.go:525.18,527.3 1 1
github.com/tentaclaw/axquery/traversal.go:528.2,529.16 2 2
github.com/tentaclaw/axquery/traversal.go:529.16,534.3 1 1
github.com/tentaclaw/axquery/traversal.go:535.2,537.44 3 1
github.com/tentaclaw/axquery/traversal.go:542.43,543.18 1 3
github.com/tentaclaw/axquery/traversal.go:543.18,545.3 1 1
github.com/tentaclaw/axquery/traversal.go:546.2,548.51 3 2
github.com/tentaclaw/axquery/traversal.go:553.39,554.18 1 3
github.com/tentaclaw/axquery/traversal.go:554.18,556.3 1 1
github.com/tentaclaw/axquery/traversal.go:557.2,559.51 3 2
github.com/tentaclaw/axquery/traversal.go:564.39,565.18 1 3
github.com/tentaclaw/axquery/traversal.go:565.18,567.3 1 1
github.com/tentaclaw/axquery/traversal.go:568.2,570.51 3 2
